[debug] [2021-06-12T08:51:28.294Z] ----------------------------------------------------------------------
[debug] [2021-06-12T08:51:28.296Z] Command:       C:\Program Files\nodejs\node.exe C:\Users\nksai\AppData\Roaming\npm\node_modules\firebase-tools\lib\bin\firebase.js init
[debug] [2021-06-12T08:51:28.296Z] CLI Version:   9.12.1
[debug] [2021-06-12T08:51:28.296Z] Platform:      win32
[debug] [2021-06-12T08:51:28.297Z] Node Version:  v14.17.0
[debug] [2021-06-12T08:51:28.298Z] Time:          Sat Jun 12 2021 14:21:28 GMT+0530 (India Standard Time)
[debug] [2021-06-12T08:51:28.298Z] ----------------------------------------------------------------------
[debug] 
[debug] [2021-06-12T08:51:28.300Z] >>> [apiv2][query] GET https://firebase-public.firebaseio.com/cli.json [none]
[debug] [2021-06-12T08:51:28.324Z] > command requires scopes: ["email","openid","https://www.googleapis.com/auth/cloudplatformprojects.readonly","https://www.googleapis.com/auth/firebase","https://www.googleapis.com/auth/cloud-platform"]
[debug] [2021-06-12T08:51:28.324Z] > authorizing via signed-in user (saini.nirdesh.kumar@gmail.com)
[info] 
     ######## #### ########  ######## ########     ###     ######  ########
     ##        ##  ##     ## ##       ##     ##  ##   ##  ##       ##
     ######    ##  ########  ######   ########  #########  ######  ######
     ##        ##  ##    ##  ##       ##     ## ##     ##       ## ##
     ##       #### ##     ## ######## ########  ##     ##  ######  ########

You're about to initialize a Firebase project in this directory:

  H:\Mern_Stack\Projects\Project_17 - disney-clone-plus (MERN Stack)

[debug] [2021-06-12T08:51:30.264Z] <<< [apiv2][status] GET https://firebase-public.firebaseio.com/cli.json 200
[debug] [2021-06-12T08:51:30.265Z] <<< [apiv2][body] GET https://firebase-public.firebaseio.com/cli.json {"cloudBuildErrorAfter":1594252800000,"cloudBuildWarnAfter":1590019200000,"defaultNode10After":1594252800000,"minVersion":"3.0.5","node8DeploysDisabledAfter":1613390400000,"node8RuntimeDisabledAfter":1615809600000,"node8WarnAfter":1600128000000}
[info] 
=== Project Setup
[info] 
[info] First, let's associate this project directory with a Firebase project.
[info] You can create multiple project aliases by running firebase use --add, 
[info] but for now we'll just set up a default project.
[info] 
[debug] [2021-06-12T08:52:14.616Z] > refreshing access token with scopes: []
[debug] [2021-06-12T08:52:14.616Z] >>> HTTP REQUEST POST https://www.googleapis.com/oauth2/v3/token  
 <request body omitted>
[debug] [2021-06-12T08:52:15.090Z] <<< HTTP RESPONSE 200 {"cache-control":"no-cache, no-store, max-age=0, must-revalidate","date":"Sat, 12 Jun 2021 08:52:15 GMT","expires":"Mon, 01 Jan 1990 00:00:00 GMT","pragma":"no-cache","content-type":"application/json; charset=utf-8","vary":"X-Origin, Referer, Origin,Accept-Encoding","server":"scaffolding on HTTPServer2","x-xss-protection":"0","x-frame-options":"SAMEORIGIN","x-content-type-options":"nosniff","alt-svc":"h3=\":443\"; ma=2592000,h3-29=\":443\"; ma=2592000,h3-T051=\":443\"; ma=2592000,h3-Q050=\":443\"; ma=2592000,h3-Q046=\":443\"; ma=2592000,h3-Q043=\":443\"; ma=2592000,quic=\":443\"; ma=2592000; v=\"46,43\"","accept-ranges":"none","transfer-encoding":"chunked"}
[debug] [2021-06-12T08:52:15.120Z] >>> [apiv2][query] GET https://firebase.googleapis.com/v1beta1/projects pageSize=100
[debug] [2021-06-12T08:52:17.237Z] <<< [apiv2][status] GET https://firebase.googleapis.com/v1beta1/projects 200
[debug] [2021-06-12T08:52:17.237Z] <<< [apiv2][body] GET https://firebase.googleapis.com/v1beta1/projects [omitted]
